<?xml version="1.0" encoding="UTF-8"?>
<!-- Generated by org.testng.reporters.JUnitReportReporter -->
<testsuite hostname="DESKTOP-MGSLCU0" failures="0" tests="1" name="Revision.Class_3" time="3.437" errors="0" timestamp="2023-09-07T20:36:39 IST" skipped="0">
  <testcase classname="Revision.Class_3" name="flipcart" time="3.437"/>
  <system-out/>
</testsuite> <!-- Revision.Class_3 -->
