<?xml version="1.0" encoding="UTF-8"?>
<!-- Generated by org.testng.reporters.JUnitReportReporter -->
<testsuite hostname="DESKTOP-MGSLCU0" failures="0" tests="1" name="Revision.Class_1" time="8.635" errors="0" timestamp="2023-09-12T18:07:59 IST" skipped="0">
  <testcase classname="Revision.Class_1" name="flipcart" time="8.635"/>
  <system-out/>
</testsuite> <!-- Revision.Class_1 -->
