<?xml version="1.0" encoding="UTF-8"?>
<!-- Generated by org.testng.reporters.JUnitReportReporter -->
<testsuite hostname="DESKTOP-MGSLCU0" failures="0" tests="1" name="Revision.Class_2" time="9.291" errors="0" timestamp="2023-09-07T20:36:39 IST" skipped="0">
  <testcase classname="Revision.Class_2" name="flipcart" time="9.291"/>
  <system-out/>
</testsuite> <!-- Revision.Class_2 -->
